[INFO  - 2017-08-11T13:05:24.714Z] GhostDriver - Main - running on port 23060
[INFO  - 2017-08-11T13:05:25.138Z] Session [bd6ccae0-7e95-11e7-815a-6bd796ba1d8c] - page.settings - {"XSSAuditingEnabled":false,"javascriptCanCloseWindows":true,"javascriptCanOpenWindows":true,"javascriptEnabled":true,"loadImages":true,"localToRemoteUrlAccessEnabled":false,"userAgent":"Mozilla/5.0 (Macintosh; Intel Mac OS X) AppleWebKit/538.1 (KHTML, like Gecko) PhantomJS/2.1.1 Safari/538.1","webSecurityEnabled":true}
[INFO  - 2017-08-11T13:05:25.139Z] Session [bd6ccae0-7e95-11e7-815a-6bd796ba1d8c] - page.customHeaders:  - {}
[INFO  - 2017-08-11T13:05:25.139Z] Session [bd6ccae0-7e95-11e7-815a-6bd796ba1d8c] - Session.negotiatedCapabilities - {"browserName":"phantomjs","version":"2.1.1","driverName":"ghostdriver","driverVersion":"1.2.0","platform":"mac-unknown-64bit","javascriptEnabled":true,"takesScreenshot":true,"handlesAlerts":false,"databaseEnabled":false,"locationContextEnabled":false,"applicationCacheEnabled":false,"browserConnectionEnabled":false,"cssSelectorsEnabled":true,"webStorageEnabled":false,"rotatable":false,"acceptSslCerts":false,"nativeEvents":true,"proxy":{"proxyType":"direct"}}
[INFO  - 2017-08-11T13:05:25.139Z] SessionManagerReqHand - _postNewSessionCommand - New Session Created: bd6ccae0-7e95-11e7-815a-6bd796ba1d8c
[INFO  - 2017-08-11T13:05:28.838Z] ShutdownReqHand - _handle - About to shutdown
[INFO  - 2017-08-11T13:05:34.664Z] GhostDriver - Main - running on port 10146
[INFO  - 2017-08-11T13:05:34.952Z] Session [c3467150-7e95-11e7-8b52-39eaf9d02590] - page.settings - {"XSSAuditingEnabled":false,"javascriptCanCloseWindows":true,"javascriptCanOpenWindows":true,"javascriptEnabled":true,"loadImages":true,"localToRemoteUrlAccessEnabled":false,"userAgent":"Mozilla/5.0 (Macintosh; Intel Mac OS X) AppleWebKit/538.1 (KHTML, like Gecko) PhantomJS/2.1.1 Safari/538.1","webSecurityEnabled":true}
[INFO  - 2017-08-11T13:05:34.952Z] Session [c3467150-7e95-11e7-8b52-39eaf9d02590] - page.customHeaders:  - {}
[INFO  - 2017-08-11T13:05:34.953Z] Session [c3467150-7e95-11e7-8b52-39eaf9d02590] - Session.negotiatedCapabilities - {"browserName":"phantomjs","version":"2.1.1","driverName":"ghostdriver","driverVersion":"1.2.0","platform":"mac-unknown-64bit","javascriptEnabled":true,"takesScreenshot":true,"handlesAlerts":false,"databaseEnabled":false,"locationContextEnabled":false,"applicationCacheEnabled":false,"browserConnectionEnabled":false,"cssSelectorsEnabled":true,"webStorageEnabled":false,"rotatable":false,"acceptSslCerts":false,"nativeEvents":true,"proxy":{"proxyType":"direct"}}
[INFO  - 2017-08-11T13:05:34.953Z] SessionManagerReqHand - _postNewSessionCommand - New Session Created: c3467150-7e95-11e7-8b52-39eaf9d02590
[INFO  - 2017-08-11T13:05:39.242Z] ShutdownReqHand - _handle - About to shutdown
[INFO  - 2017-08-17T14:56:31.564Z] GhostDriver - Main - running on port 30925
[INFO  - 2017-08-17T14:56:31.903Z] Session [419b0dc0-835c-11e7-8a29-79e13318cdd6] - page.settings - {"XSSAuditingEnabled":false,"javascriptCanCloseWindows":true,"javascriptCanOpenWindows":true,"javascriptEnabled":true,"loadImages":true,"localToRemoteUrlAccessEnabled":false,"userAgent":"Mozilla/5.0 (Macintosh; Intel Mac OS X) AppleWebKit/538.1 (KHTML, like Gecko) PhantomJS/2.1.1 Safari/538.1","webSecurityEnabled":true}
[INFO  - 2017-08-17T14:56:31.903Z] Session [419b0dc0-835c-11e7-8a29-79e13318cdd6] - page.customHeaders:  - {}
[INFO  - 2017-08-17T14:56:31.903Z] Session [419b0dc0-835c-11e7-8a29-79e13318cdd6] - Session.negotiatedCapabilities - {"browserName":"phantomjs","version":"2.1.1","driverName":"ghostdriver","driverVersion":"1.2.0","platform":"mac-unknown-64bit","javascriptEnabled":true,"takesScreenshot":true,"handlesAlerts":false,"databaseEnabled":false,"locationContextEnabled":false,"applicationCacheEnabled":false,"browserConnectionEnabled":false,"cssSelectorsEnabled":true,"webStorageEnabled":false,"rotatable":false,"acceptSslCerts":false,"nativeEvents":true,"proxy":{"proxyType":"direct"}}
[INFO  - 2017-08-17T14:56:31.903Z] SessionManagerReqHand - _postNewSessionCommand - New Session Created: 419b0dc0-835c-11e7-8a29-79e13318cdd6
[INFO  - 2017-08-17T14:56:35.505Z] ShutdownReqHand - _handle - About to shutdown
[INFO  - 2017-08-25T14:14:25.388Z] GhostDriver - Main - running on port 40636
[INFO  - 2017-08-25T14:14:25.555Z] Session [b316c9f0-899f-11e7-a6ec-a34e45241c1d] - page.settings - {"XSSAuditingEnabled":false,"javascriptCanCloseWindows":true,"javascriptCanOpenWindows":true,"javascriptEnabled":true,"loadImages":true,"localToRemoteUrlAccessEnabled":false,"userAgent":"Mozilla/5.0 (Macintosh; Intel Mac OS X) AppleWebKit/538.1 (KHTML, like Gecko) PhantomJS/2.1.1 Safari/538.1","webSecurityEnabled":true}
[INFO  - 2017-08-25T14:14:25.555Z] Session [b316c9f0-899f-11e7-a6ec-a34e45241c1d] - page.customHeaders:  - {}
[INFO  - 2017-08-25T14:14:25.555Z] Session [b316c9f0-899f-11e7-a6ec-a34e45241c1d] - Session.negotiatedCapabilities - {"browserName":"phantomjs","version":"2.1.1","driverName":"ghostdriver","driverVersion":"1.2.0","platform":"mac-unknown-64bit","javascriptEnabled":true,"takesScreenshot":true,"handlesAlerts":false,"databaseEnabled":false,"locationContextEnabled":false,"applicationCacheEnabled":false,"browserConnectionEnabled":false,"cssSelectorsEnabled":true,"webStorageEnabled":false,"rotatable":false,"acceptSslCerts":false,"nativeEvents":true,"proxy":{"proxyType":"direct"}}
[INFO  - 2017-08-25T14:14:25.555Z] SessionManagerReqHand - _postNewSessionCommand - New Session Created: b316c9f0-899f-11e7-a6ec-a34e45241c1d
[ERROR - 2017-08-25T14:14:29.350Z] WebElementLocator - _handleLocateCommand - Element(s) NOT Found: GAVE UP. Search Stop Time: 1503670469308
[ERROR - 2017-08-25T14:14:30.244Z] WebElementLocator - _handleLocateCommand - Element(s) NOT Found: GAVE UP. Search Stop Time: 1503670470206
[INFO  - 2017-08-25T14:14:31.167Z] ShutdownReqHand - _handle - About to shutdown
[INFO  - 2017-08-30T15:37:10.208Z] GhostDriver - Main - running on port 13820
[INFO  - 2017-08-30T15:37:10.618Z] Session [168fe050-8d99-11e7-aa45-95e6bee8bbdd] - page.settings - {"XSSAuditingEnabled":false,"javascriptCanCloseWindows":true,"javascriptCanOpenWindows":true,"javascriptEnabled":true,"loadImages":true,"localToRemoteUrlAccessEnabled":false,"userAgent":"Mozilla/5.0 (Macintosh; Intel Mac OS X) AppleWebKit/538.1 (KHTML, like Gecko) PhantomJS/2.1.1 Safari/538.1","webSecurityEnabled":true}
[INFO  - 2017-08-30T15:37:10.618Z] Session [168fe050-8d99-11e7-aa45-95e6bee8bbdd] - page.customHeaders:  - {}
[INFO  - 2017-08-30T15:37:10.618Z] Session [168fe050-8d99-11e7-aa45-95e6bee8bbdd] - Session.negotiatedCapabilities - {"browserName":"phantomjs","version":"2.1.1","driverName":"ghostdriver","driverVersion":"1.2.0","platform":"mac-unknown-64bit","javascriptEnabled":true,"takesScreenshot":true,"handlesAlerts":false,"databaseEnabled":false,"locationContextEnabled":false,"applicationCacheEnabled":false,"browserConnectionEnabled":false,"cssSelectorsEnabled":true,"webStorageEnabled":false,"rotatable":false,"acceptSslCerts":false,"nativeEvents":true,"proxy":{"proxyType":"direct"}}
[INFO  - 2017-08-30T15:37:10.618Z] SessionManagerReqHand - _postNewSessionCommand - New Session Created: 168fe050-8d99-11e7-aa45-95e6bee8bbdd
[ERROR - 2017-08-30T15:37:14.320Z] WebElementLocator - _handleLocateCommand - Element(s) NOT Found: GAVE UP. Search Stop Time: 1504107434275
[INFO  - 2017-08-30T15:37:15.141Z] ShutdownReqHand - _handle - About to shutdown
[INFO  - 2017-09-04T16:14:01.769Z] GhostDriver - Main - running on port 23638
[INFO  - 2017-09-04T16:14:02.030Z] Session [10bb78a0-918c-11e7-979f-ef2abc660af8] - page.settings - {"XSSAuditingEnabled":false,"javascriptCanCloseWindows":true,"javascriptCanOpenWindows":true,"javascriptEnabled":true,"loadImages":true,"localToRemoteUrlAccessEnabled":false,"userAgent":"Mozilla/5.0 (Macintosh; Intel Mac OS X) AppleWebKit/538.1 (KHTML, like Gecko) PhantomJS/2.1.1 Safari/538.1","webSecurityEnabled":true}
[INFO  - 2017-09-04T16:14:02.030Z] Session [10bb78a0-918c-11e7-979f-ef2abc660af8] - page.customHeaders:  - {}
[INFO  - 2017-09-04T16:14:02.030Z] Session [10bb78a0-918c-11e7-979f-ef2abc660af8] - Session.negotiatedCapabilities - {"browserName":"phantomjs","version":"2.1.1","driverName":"ghostdriver","driverVersion":"1.2.0","platform":"mac-unknown-64bit","javascriptEnabled":true,"takesScreenshot":true,"handlesAlerts":false,"databaseEnabled":false,"locationContextEnabled":false,"applicationCacheEnabled":false,"browserConnectionEnabled":false,"cssSelectorsEnabled":true,"webStorageEnabled":false,"rotatable":false,"acceptSslCerts":false,"nativeEvents":true,"proxy":{"proxyType":"direct"}}
[INFO  - 2017-09-04T16:14:02.030Z] SessionManagerReqHand - _postNewSessionCommand - New Session Created: 10bb78a0-918c-11e7-979f-ef2abc660af8
[ERROR - 2017-09-04T16:14:06.318Z] WebElementLocator - _handleLocateCommand - Element(s) NOT Found: GAVE UP. Search Stop Time: 1504541646285
[ERROR - 2017-09-04T16:14:07.059Z] WebElementLocator - _handleLocateCommand - Element(s) NOT Found: GAVE UP. Search Stop Time: 1504541647024
[INFO  - 2017-09-04T16:14:07.930Z] ShutdownReqHand - _handle - About to shutdown
[INFO  - 2017-09-05T11:29:08.035Z] GhostDriver - Main - running on port 5917
[INFO  - 2017-09-05T11:29:08.220Z] Session [6e70cf80-922d-11e7-b84d-2b95b7735fc8] - page.settings - {"XSSAuditingEnabled":false,"javascriptCanCloseWindows":true,"javascriptCanOpenWindows":true,"javascriptEnabled":true,"loadImages":true,"localToRemoteUrlAccessEnabled":false,"userAgent":"Mozilla/5.0 (Macintosh; Intel Mac OS X) AppleWebKit/538.1 (KHTML, like Gecko) PhantomJS/2.1.1 Safari/538.1","webSecurityEnabled":true}
[INFO  - 2017-09-05T11:29:08.220Z] Session [6e70cf80-922d-11e7-b84d-2b95b7735fc8] - page.customHeaders:  - {}
[INFO  - 2017-09-05T11:29:08.220Z] Session [6e70cf80-922d-11e7-b84d-2b95b7735fc8] - Session.negotiatedCapabilities - {"browserName":"phantomjs","version":"2.1.1","driverName":"ghostdriver","driverVersion":"1.2.0","platform":"mac-unknown-64bit","javascriptEnabled":true,"takesScreenshot":true,"handlesAlerts":false,"databaseEnabled":false,"locationContextEnabled":false,"applicationCacheEnabled":false,"browserConnectionEnabled":false,"cssSelectorsEnabled":true,"webStorageEnabled":false,"rotatable":false,"acceptSslCerts":false,"nativeEvents":true,"proxy":{"proxyType":"direct"}}
[INFO  - 2017-09-05T11:29:08.220Z] SessionManagerReqHand - _postNewSessionCommand - New Session Created: 6e70cf80-922d-11e7-b84d-2b95b7735fc8
[ERROR - 2017-09-05T11:29:12.742Z] WebElementLocator - _handleLocateCommand - Element(s) NOT Found: GAVE UP. Search Stop Time: 1504610952700
[ERROR - 2017-09-05T11:29:13.499Z] WebElementLocator - _handleLocateCommand - Element(s) NOT Found: GAVE UP. Search Stop Time: 1504610953467
[INFO  - 2017-09-05T11:29:14.299Z] ShutdownReqHand - _handle - About to shutdown
[INFO  - 2017-09-05T13:35:16.419Z] GhostDriver - Main - running on port 28330
[INFO  - 2017-09-05T13:35:16.695Z] Session [0d9a4b20-923f-11e7-8c91-8d74a9d90489] - page.settings - {"XSSAuditingEnabled":false,"javascriptCanCloseWindows":true,"javascriptCanOpenWindows":true,"javascriptEnabled":true,"loadImages":true,"localToRemoteUrlAccessEnabled":false,"userAgent":"Mozilla/5.0 (Macintosh; Intel Mac OS X) AppleWebKit/538.1 (KHTML, like Gecko) PhantomJS/2.1.1 Safari/538.1","webSecurityEnabled":true}
[INFO  - 2017-09-05T13:35:16.695Z] Session [0d9a4b20-923f-11e7-8c91-8d74a9d90489] - page.customHeaders:  - {}
[INFO  - 2017-09-05T13:35:16.695Z] Session [0d9a4b20-923f-11e7-8c91-8d74a9d90489] - Session.negotiatedCapabilities - {"browserName":"phantomjs","version":"2.1.1","driverName":"ghostdriver","driverVersion":"1.2.0","platform":"mac-unknown-64bit","javascriptEnabled":true,"takesScreenshot":true,"handlesAlerts":false,"databaseEnabled":false,"locationContextEnabled":false,"applicationCacheEnabled":false,"browserConnectionEnabled":false,"cssSelectorsEnabled":true,"webStorageEnabled":false,"rotatable":false,"acceptSslCerts":false,"nativeEvents":true,"proxy":{"proxyType":"direct"}}
[INFO  - 2017-09-05T13:35:16.695Z] SessionManagerReqHand - _postNewSessionCommand - New Session Created: 0d9a4b20-923f-11e7-8c91-8d74a9d90489
[ERROR - 2017-09-05T13:35:20.521Z] WebElementLocator - _handleLocateCommand - Element(s) NOT Found: GAVE UP. Search Stop Time: 1504618520483
[ERROR - 2017-09-05T13:35:21.298Z] WebElementLocator - _handleLocateCommand - Element(s) NOT Found: GAVE UP. Search Stop Time: 1504618521266
[INFO  - 2017-09-05T13:35:22.185Z] ShutdownReqHand - _handle - About to shutdown
[INFO  - 2017-09-05T15:22:27.084Z] GhostDriver - Main - running on port 40726
[INFO  - 2017-09-05T15:22:27.361Z] Session [069434d0-924e-11e7-a216-0fc65a67822d] - page.settings - {"XSSAuditingEnabled":false,"javascriptCanCloseWindows":true,"javascriptCanOpenWindows":true,"javascriptEnabled":true,"loadImages":true,"localToRemoteUrlAccessEnabled":false,"userAgent":"Mozilla/5.0 (Macintosh; Intel Mac OS X) AppleWebKit/538.1 (KHTML, like Gecko) PhantomJS/2.1.1 Safari/538.1","webSecurityEnabled":true}
[INFO  - 2017-09-05T15:22:27.361Z] Session [069434d0-924e-11e7-a216-0fc65a67822d] - page.customHeaders:  - {}
[INFO  - 2017-09-05T15:22:27.361Z] Session [069434d0-924e-11e7-a216-0fc65a67822d] - Session.negotiatedCapabilities - {"browserName":"phantomjs","version":"2.1.1","driverName":"ghostdriver","driverVersion":"1.2.0","platform":"mac-unknown-64bit","javascriptEnabled":true,"takesScreenshot":true,"handlesAlerts":false,"databaseEnabled":false,"locationContextEnabled":false,"applicationCacheEnabled":false,"browserConnectionEnabled":false,"cssSelectorsEnabled":true,"webStorageEnabled":false,"rotatable":false,"acceptSslCerts":false,"nativeEvents":true,"proxy":{"proxyType":"direct"}}
[INFO  - 2017-09-05T15:22:27.361Z] SessionManagerReqHand - _postNewSessionCommand - New Session Created: 069434d0-924e-11e7-a216-0fc65a67822d
[ERROR - 2017-09-05T15:22:31.382Z] WebElementLocator - _handleLocateCommand - Element(s) NOT Found: GAVE UP. Search Stop Time: 1504624951343
[ERROR - 2017-09-05T15:22:32.194Z] WebElementLocator - _handleLocateCommand - Element(s) NOT Found: GAVE UP. Search Stop Time: 1504624952156
[INFO  - 2017-09-05T15:22:33.093Z] ShutdownReqHand - _handle - About to shutdown
[INFO  - 2017-09-05T15:23:38.437Z] GhostDriver - Main - running on port 44759
[INFO  - 2017-09-05T15:23:38.714Z] Session [311bcf60-924e-11e7-9861-4f1df7dac2dd] - page.settings - {"XSSAuditingEnabled":false,"javascriptCanCloseWindows":true,"javascriptCanOpenWindows":true,"javascriptEnabled":true,"loadImages":true,"localToRemoteUrlAccessEnabled":false,"userAgent":"Mozilla/5.0 (Macintosh; Intel Mac OS X) AppleWebKit/538.1 (KHTML, like Gecko) PhantomJS/2.1.1 Safari/538.1","webSecurityEnabled":true}
[INFO  - 2017-09-05T15:23:38.714Z] Session [311bcf60-924e-11e7-9861-4f1df7dac2dd] - page.customHeaders:  - {}
[INFO  - 2017-09-05T15:23:38.714Z] Session [311bcf60-924e-11e7-9861-4f1df7dac2dd] - Session.negotiatedCapabilities - {"browserName":"phantomjs","version":"2.1.1","driverName":"ghostdriver","driverVersion":"1.2.0","platform":"mac-unknown-64bit","javascriptEnabled":true,"takesScreenshot":true,"handlesAlerts":false,"databaseEnabled":false,"locationContextEnabled":false,"applicationCacheEnabled":false,"browserConnectionEnabled":false,"cssSelectorsEnabled":true,"webStorageEnabled":false,"rotatable":false,"acceptSslCerts":false,"nativeEvents":true,"proxy":{"proxyType":"direct"}}
[INFO  - 2017-09-05T15:23:38.714Z] SessionManagerReqHand - _postNewSessionCommand - New Session Created: 311bcf60-924e-11e7-9861-4f1df7dac2dd
[ERROR - 2017-09-05T15:24:02.738Z] WebElementLocator - _handleLocateCommand - Element(s) NOT Found: GAVE UP. Search Stop Time: 1504625042705
[ERROR - 2017-09-05T15:24:03.555Z] WebElementLocator - _handleLocateCommand - Element(s) NOT Found: GAVE UP. Search Stop Time: 1504625043524
[INFO  - 2017-09-05T15:24:07.670Z] ShutdownReqHand - _handle - About to shutdown
[INFO  - 2017-09-05T15:25:13.953Z] GhostDriver - Main - running on port 38679
[INFO  - 2017-09-05T15:25:14.248Z] Session [6a0d4b50-924e-11e7-b520-f780c4a46428] - page.settings - {"XSSAuditingEnabled":false,"javascriptCanCloseWindows":true,"javascriptCanOpenWindows":true,"javascriptEnabled":true,"loadImages":true,"localToRemoteUrlAccessEnabled":false,"userAgent":"Mozilla/5.0 (Macintosh; Intel Mac OS X) AppleWebKit/538.1 (KHTML, like Gecko) PhantomJS/2.1.1 Safari/538.1","webSecurityEnabled":true}
[INFO  - 2017-09-05T15:25:14.248Z] Session [6a0d4b50-924e-11e7-b520-f780c4a46428] - page.customHeaders:  - {}
[INFO  - 2017-09-05T15:25:14.248Z] Session [6a0d4b50-924e-11e7-b520-f780c4a46428] - Session.negotiatedCapabilities - {"browserName":"phantomjs","version":"2.1.1","driverName":"ghostdriver","driverVersion":"1.2.0","platform":"mac-unknown-64bit","javascriptEnabled":true,"takesScreenshot":true,"handlesAlerts":false,"databaseEnabled":false,"locationContextEnabled":false,"applicationCacheEnabled":false,"browserConnectionEnabled":false,"cssSelectorsEnabled":true,"webStorageEnabled":false,"rotatable":false,"acceptSslCerts":false,"nativeEvents":true,"proxy":{"proxyType":"direct"}}
[INFO  - 2017-09-05T15:25:14.248Z] SessionManagerReqHand - _postNewSessionCommand - New Session Created: 6a0d4b50-924e-11e7-b520-f780c4a46428
[ERROR - 2017-09-05T15:25:18.442Z] WebElementLocator - _handleLocateCommand - Element(s) NOT Found: GAVE UP. Search Stop Time: 1504625118409
[ERROR - 2017-09-05T15:25:19.271Z] WebElementLocator - _handleLocateCommand - Element(s) NOT Found: GAVE UP. Search Stop Time: 1504625119240
[INFO  - 2017-09-05T15:25:20.162Z] ShutdownReqHand - _handle - About to shutdown
[INFO  - 2017-09-05T15:34:48.499Z] GhostDriver - Main - running on port 40167
[INFO  - 2017-09-05T15:34:48.804Z] Session [c0836e00-924f-11e7-b560-f122cbf23fbc] - page.settings - {"XSSAuditingEnabled":false,"javascriptCanCloseWindows":true,"javascriptCanOpenWindows":true,"javascriptEnabled":true,"loadImages":true,"localToRemoteUrlAccessEnabled":false,"userAgent":"Mozilla/5.0 (Macintosh; Intel Mac OS X) AppleWebKit/538.1 (KHTML, like Gecko) PhantomJS/2.1.1 Safari/538.1","webSecurityEnabled":true}
[INFO  - 2017-09-05T15:34:48.804Z] Session [c0836e00-924f-11e7-b560-f122cbf23fbc] - page.customHeaders:  - {}
[INFO  - 2017-09-05T15:34:48.804Z] Session [c0836e00-924f-11e7-b560-f122cbf23fbc] - Session.negotiatedCapabilities - {"browserName":"phantomjs","version":"2.1.1","driverName":"ghostdriver","driverVersion":"1.2.0","platform":"mac-unknown-64bit","javascriptEnabled":true,"takesScreenshot":true,"handlesAlerts":false,"databaseEnabled":false,"locationContextEnabled":false,"applicationCacheEnabled":false,"browserConnectionEnabled":false,"cssSelectorsEnabled":true,"webStorageEnabled":false,"rotatable":false,"acceptSslCerts":false,"nativeEvents":true,"proxy":{"proxyType":"direct"}}
[INFO  - 2017-09-05T15:34:48.804Z] SessionManagerReqHand - _postNewSessionCommand - New Session Created: c0836e00-924f-11e7-b560-f122cbf23fbc
[ERROR - 2017-09-05T15:34:52.791Z] WebElementLocator - _handleLocateCommand - Element(s) NOT Found: GAVE UP. Search Stop Time: 1504625692749
[ERROR - 2017-09-05T15:34:53.608Z] WebElementLocator - _handleLocateCommand - Element(s) NOT Found: GAVE UP. Search Stop Time: 1504625693572
[INFO  - 2017-09-05T15:34:54.491Z] ShutdownReqHand - _handle - About to shutdown
